<?xml version="1.0" encoding="UTF-8"?>
<!-- Generated by org.testng.reporters.JUnitReportReporter -->
<testsuite hostname="MSI" failures="0" tests="1" name="tests.LoginTest" time="7.196" errors="0" timestamp="2025-10-06T17:20:05 IST" skipped="0">
  <testcase classname="tests.LoginTest" name="testValidLogin" time="7.196"/>
</testsuite> <!-- tests.LoginTest -->
