<?xml version="1.0" encoding="UTF-8"?>
<!-- Generated by org.testng.reporters.JUnitReportReporter -->
<testsuite hostname="MSI" failures="0" tests="1" name="tests.LoginTest" time="5.806" errors="0" timestamp="2025-10-06T16:27:54 IST" skipped="0">
  <testcase classname="tests.LoginTest" name="testValidLogin" time="5.806"/>
</testsuite> <!-- tests.LoginTest -->
