<?xml version="1.0" encoding="UTF-8"?>
<!-- Generated by org.testng.reporters.JUnitReportReporter -->
<testsuite hostname="MSI" failures="0" tests="1" name="tests.LoginTest" time="5.003" errors="0" timestamp="2025-09-17T17:25:03 IST" skipped="0">
  <testcase classname="tests.LoginTest" name="testValidationLogin" time="5.003"/>
</testsuite> <!-- tests.LoginTest -->
